1624540994779 23148
1624540994779 Over populated creeps!
1624540994779 0.3323240680371422 RoomPosition { x: 20, y: 18, roomName: 'W0N0' } false 12
1624540994780 upgrade OK
1624540994780 0.10365452380862816 RoomPosition { x: 19, y: 18, roomName: 'W0N0' } false 23
1624540994780 upgrade OK
1624540994780 0.23031550121775624 RoomPosition { x: 53, y: 24, roomName: 'W0N0' } false 20
1624540994780 harvest OK
1624540994782 0.22989455093233424 RoomPosition { x: 22, y: 18, roomName: 'W0N0' } false 16
1624540994782 upgrade OK
1624540994782 0.9403155574826698 RoomPosition { x: 53, y: 23, roomName: 'W0N0' } false 32
1624540994782 harvest OK
1624540994782 0.189039817463035 RoomPosition { x: 40, y: 12, roomName: 'W0N0' } false 0
1624540994782 harvest Error: Not In Range
1624540994783 move to harvest OK
1624540994783 0.3424490746091866 RoomPosition { x: 53, y: 22, roomName: 'W0N0' } false 40
1624540994783 harvest OK
1624540994783 0.7080516017689631 RoomPosition { x: 54, y: 22, roomName: 'W0N0' } false 12
1624540994783 harvest OK
1624540994783 0.20761314198547498 RoomPosition { x: 45, y: 15, roomName: 'W0N0' } false 0
1624540994783 harvest Error: Not In Range
1624540994783 move to harvest OK
1624540994783 0.5691364072018115 RoomPosition { x: 35, y: 12, roomName: 'W0N0' } false 0
1624540994783 harvest Error: Not In Range
1624540994783 move to harvest OK
1624540994783 0.21445872091847495 RoomPosition { x: 25, y: 21, roomName: 'W0N0' } true null
